Build started 2014-04-18 17:44:40.
     1>Project "C:\Users\Anthon\documents\visual studio 2013\Projects\Totemic\DooObject\DooObject.vcxproj" on node 2 (Build target(s)).
     1>ClCompile:
         C:\Program Files (x86)\Microsoft Visual Studio 12.0\VC\bin\CL.exe /c /I"../deps/SFML-2.1/include/" /I../deps/Thor/include/ /I../deps/Aurora/ /I../deps/jsoncpp/include/ /ZI /nologo /W3 /WX- /Od /Oy- /D WIN32 /D _DEBUG /D _CONSOLE /D _LIB /D _UNICODE /D UNICODE /Gm /EHsc /RTC1 /MDd /GS /fp:precise /Zc:wchar_t /Zc:forScope /Fo"Debug\\" /Fd"Debug\vc120.pdb" /Gd /TP /analyze- /errorReport:prompt main.cpp
         main.cpp
     1>c:\users\anthon\documents\visual studio 2013\projects\totemic\dooobject\main.cpp(129): warning C4018: '<' : signed/unsigned mismatch
     1>c:\users\anthon\documents\visual studio 2013\projects\totemic\dooobject\main.cpp(202): warning C4018: '<' : signed/unsigned mismatch
     1>c:\users\anthon\documents\visual studio 2013\projects\totemic\dooobject\main.cpp(203): warning C4018: '<' : signed/unsigned mismatch
     1>c:\users\anthon\documents\visual studio 2013\projects\totemic\dooobject\main.cpp(289): warning C4018: '<' : signed/unsigned mismatch
       Link:
         C:\Program Files (x86)\Microsoft Visual Studio 12.0\VC\bin\link.exe /ERRORREPORT:PROMPT /OUT:"C:\Users\Anthon\documents\visual studio 2013\Projects\Totemic\Debug\DooObject.exe" /INCREMENTAL /NOLOGO /LIBPATH:"../deps/SFML-2.1/lib/" /LIBPATH:../deps/Thor/lib/ /LIBPATH:../deps/jsoncpp/lib/ "sfml-window-d.lib" "sfml-graphics-d.lib" "sfml-audio-d.lib" "sfml-network-d.lib" "sfml-system-d.lib" "thor-d.lib" jsoncppd.lib kernel32.lib user32.lib gdi32.lib winspool.lib comdlg32.lib advapi32.lib shell32.lib ole32.lib oleaut32.lib uuid.lib odbc32.lib odbccp32.lib /MANIFEST /MANIFESTUAC:"level='asInvoker' uiAccess='false'" /manifest:embed /DEBUG /PDB:"C:\Users\Anthon\documents\visual studio 2013\Projects\Totemic\Debug\DooObject.pdb" /SUBSYSTEM:CONSOLE /TLBID:1 /DYNAMICBASE /NXCOMPAT /IMPLIB:"C:\Users\Anthon\documents\visual studio 2013\Projects\Totemic\Debug\DooObject.lib" /MACHINE:X86 Debug\FileSystem.obj
         Debug\main.obj
         Debug\Math.obj
         Debug\String.obj
         Debug\System.obj
         Debug\WindowManager.obj
     1>LINK : warning LNK4098: defaultlib 'MSVCRT' conflicts with use of other libs; use /NODEFAULTLIB:library
         DooObject.vcxproj -> C:\Users\Anthon\documents\visual studio 2013\Projects\Totemic\Debug\DooObject.exe
     1>Done Building Project "C:\Users\Anthon\documents\visual studio 2013\Projects\Totemic\DooObject\DooObject.vcxproj" (Build target(s)).

Build succeeded.

Time Elapsed 00:00:02.05
