c:\git\totemic2014\totemic\release\vc120.pdb
c:\git\totemic2014\totemic\release\main.obj
c:\git\totemic2014\totemic\release\levelloader.obj
c:\git\totemic2014\totemic\release\leveleditorstate.obj
c:\git\totemic2014\totemic\release\level.obj
c:\git\totemic2014\totemic\release\hotspot.obj
c:\git\totemic2014\totemic\release\gatherer.obj
c:\git\totemic2014\totemic\release\gamestatemanager.obj
c:\git\totemic2014\totemic\release\gamestate.obj
c:\git\totemic2014\totemic\release\floatingscoretext.obj
c:\git\totemic2014\totemic\release\filesystem.obj
c:\git\totemic2014\totemic\release\engine.obj
c:\git\totemic2014\totemic\release\defender.obj
c:\git\totemic2014\totemic\release\dbtweener.obj
c:\git\totemic2014\totemic\release\contactlistener.obj
c:\git\totemic2014\totemic\release\contactfilter.obj
c:\git\totemic2014\totemic\release\config.obj
c:\git\totemic2014\totemic\release\coinbird.obj
c:\git\totemic2014\totemic\release\coin.obj
c:\git\totemic2014\totemic\release\box2dworlddraw.obj
c:\git\totemic2014\totemic\release\audiosystem.obj
c:\git\totemic2014\totemic\release\windowmanager.obj
c:\git\totemic2014\totemic\release\userdata.obj
c:\git\totemic2014\totemic\release\trap.obj
c:\git\totemic2014\totemic\release\totemtweenerlistener.obj
c:\git\totemic2014\totemic\release\system.obj
c:\git\totemic2014\totemic\release\string.obj
c:\git\totemic2014\totemic\release\resourceholder.obj
c:\git\totemic2014\totemic\release\powerup.obj
c:\git\totemic2014\totemic\release\playstate.obj
c:\git\totemic2014\totemic\release\player.obj
c:\git\totemic2014\totemic\release\physicshelper.obj
c:\git\totemic2014\totemic\release\menustate.obj
c:\git\totemic2014\totemic\release\math.obj
c:\git\totemic2014\totemic\release\x11_xinput2.obj
c:\git\totemic2014\totemic\release\windows_wminput.obj
c:\git\totemic2014\totemic\release\manymouse.obj
c:\git\totemic2014\totemic\release\macosx_hidutilities.obj
c:\git\totemic2014\totemic\release\macosx_hidmanager.obj
c:\git\totemic2014\totemic\release\linux_evdev.obj
c:\git\totemic2014\totemic\release\loadingstate.obj
c:\git\totemic2014\release\totemic.exe
c:\git\totemic2014\release\totemic.pdb
c:\git\totemic2014\totemic\release\the submarine.res
c:\git\totemic2014\totemic\release\totemic.tlog\cl.command.1.tlog
c:\git\totemic2014\totemic\release\totemic.tlog\cl.read.1.tlog
c:\git\totemic2014\totemic\release\totemic.tlog\cl.write.1.tlog
c:\git\totemic2014\totemic\release\totemic.tlog\link.command.1.tlog
c:\git\totemic2014\totemic\release\totemic.tlog\link.read.1.tlog
c:\git\totemic2014\totemic\release\totemic.tlog\link.write.1.tlog
c:\git\totemic2014\totemic\release\totemic.tlog\rc.command.1.tlog
c:\git\totemic2014\totemic\release\totemic.tlog\rc.read.1.tlog
c:\git\totemic2014\totemic\release\totemic.tlog\rc.write.1.tlog
